[0m[[0m[0mdebug[0m] [0m[0m> Exec(reload, None, None)[0m
[0m[[0m[0mdebug[0m] [0m[0m> Exec(sbtStashOnFailure, None, None)[0m
[0m[[0m[0mdebug[0m] [0m[0m> Exec(onFailure loadFailed, None, None)[0m
[0m[[0m[0mdebug[0m] [0m[0m> Exec(loadp, None, None)[0m
[0m[[0m[0minfo[0m] [0m[0mwelcome to sbt 1.9.8 (Oracle Corporation Java 20.0.2)[0m
[0m[[0m[0mdebug[0m] [0m[0m              Load.loadUnit: plugins took 6.637625ms[0m
[0m[[0m[0mdebug[0m] [0m[0m              Load.loadUnit: defsScala took 0.001709ms[0m
[0m[[0m[0mdebug[0m] [0m[0m[Loading] Scanning directory /Users/frosty/.sbt/1.0/plugins[0m
[0m[[0m[0mdebug[0m] [0m[0m[Loading] Found non-root projects [0m
[0m[[0m[0mdebug[0m] [0m[0m[Loading] Done in /Users/frosty/.sbt/1.0/plugins, returning: ()[0m
[0m[[0m[0mdebug[0m] [0m[0mdeducing auto plugins based on known facts Set(Atom(sbt.plugins.CorePlugin)) and clauses Clauses(Clause(Atom(sbt.plugins.JvmPlugin),Set(Atom(sbt.plugins.IvyPlugin)))[0m
[0m[[0m[0mdebug[0m] [0m[0mClause(Atom(sbt.ScriptedPlugin),Set(Atom(sbt.plugins.JvmPlugin)))[0m
[0m[[0m[0mdebug[0m] [0m[0mClause(Atom(sbt.plugins.SbtPlugin),Set(Atom(sbt.ScriptedPlugin)))[0m
[0m[[0m[0mdebug[0m] [0m[0mClause(Atom(sbt.plugins.SemanticdbPlugin),Set(Atom(sbt.plugins.JvmPlugin)))[0m
[0m[[0m[0mdebug[0m] [0m[0mClause(Atom(sbt.plugins.JUnitXmlReportPlugin),Set(Atom(sbt.plugins.JvmPlugin)))[0m
[0m[[0m[0mdebug[0m] [0m[0mClause(Atom(sbt.plugins.MiniDependencyTreePlugin),Set(Atom(sbt.plugins.JvmPlugin)))[0m
[0m[[0m[0mdebug[0m] [0m[0mClause(Atom(sbt.plugins.CorePlugin),Set(Atom(sbt.plugins.IvyPlugin)))[0m
[0m[[0m[0mdebug[0m] [0m[0mClause(Atom(sbt.plugins.IvyPlugin),Set(Atom(sbt.plugins.JvmPlugin)))[0m
[0m[[0m[0mdebug[0m] [0m[0mClause(Atom(sbt.plugins.JvmPlugin),Set(Atom(sbt.plugins.SemanticdbPlugin)))[0m
[0m[[0m[0mdebug[0m] [0m[0mClause(Atom(sbt.plugins.JvmPlugin),Set(Atom(sbt.plugins.JUnitXmlReportPlugin)))[0m
[0m[[0m[0mdebug[0m] [0m[0mClause(Atom(sbt.plugins.CorePlugin),Set(Atom(sbt.plugins.Giter8TemplatePlugin)))[0m
[0m[[0m[0mdebug[0m] [0m[0mClause(Atom(sbt.plugins.JvmPlugin),Set(Atom(sbt.plugins.MiniDependencyTreePlugin))))[0m
[0m[[0m[0mdebug[0m] [0m[0m  :: deduced result: Matched(sbt.plugins.CorePlugin,sbt.plugins.Giter8TemplatePlugin,sbt.plugins.IvyPlugin,sbt.plugins.JvmPlugin,sbt.plugins.MiniDependencyTreePlugin,sbt.plugins.JUnitXmlReportPlugin,sbt.plugins.SemanticdbPlugin)[0m
[0m[[0m[0mdebug[0m] [0m[0mPlugins.deducer#function took 0.389667 ms[0m
[0m[[0m[0mdebug[0m] [0m[0m                  Load.resolveProject(global-plugins) took 0.405541ms[0m
[0m[[0m[0mdebug[0m] [0m[0m                Load.loadTransitive: finalizeProject(Project(id global-plugins, base: /Users/frosty/.sbt/1.0/plugins, plugins: List(<none>))) took 0.955042ms[0m
[0m[[0m[0mdebug[0m] [0m[0m[Loading] Done in /Users/frosty/.sbt/1.0/plugins, returning: (global-plugins)[0m
[0m[[0m[0mdebug[0m] [0m[0m              Load.loadUnit: loadedProjectsRaw took 1.3575ms[0m
[0m[[0m[0mdebug[0m] [0m[0m              Load.loadUnit: cleanEvalClasses took 0.003959ms[0m
[0m[[0m[0mdebug[0m] [0m[0m            Load.loadUnit(file:/Users/frosty/.sbt/1.0/plugins/, ...) took 8.214958ms[0m
[0m[[0m[0mdebug[0m] [0m[0m          Load.apply: load took 8.637959ms[0m
[0m[[0m[0mdebug[0m] [0m[0m          Load.apply: resolveProjects took 0.045542ms[0m
[0m[[0m[0mdebug[0m] [0m[0m          Load.apply: finalTransforms took 3.592375ms[0m
[0m[[0m[0mdebug[0m] [0m[0m          Load.apply: config.delegates took 0.133541ms[0m
[0m[[0m[0mdebug[0m] [0m[0m          Load.apply: Def.make(settings)... took 25.752208ms[0m
[0m[[0m[0mdebug[0m] [0m[0m          Load.apply: structureIndex took 7.996125ms[0m
[0m[[0m[0mdebug[0m] [0m[0m          Load.apply: mkStreams took 0.001792ms[0m
[0m[[0m[0minfo[0m] [0m[0mloading global plugins from /Users/frosty/.sbt/1.0/plugins[0m
[0m[[0m[0mdebug[0m] [0m[0mRunning task... Cancel: Signal, check cycles: false, forcegc: true[0m
[0m[[0m[0mdebug[0m] [0m[0mForcing garbage collection...[0m
[0m[[0m[31merror[0m] [0m[0mjava.lang.IllegalStateException: Tried to invoke register on closed repostitory sbt.internal.nio.FileTreeRepositoryImpl@c85fea3[0m
[0m[[0m[31merror[0m] [0m[0m	at sbt.internal.nio.FileTreeRepositoryImpl.throwIfClosed(FileTreeRepositoryImpl.scala:145)[0m
[0m[[0m[31merror[0m] [0m[0m	at sbt.internal.nio.FileTreeRepositoryImpl.register(FileTreeRepositoryImpl.scala:113)[0m
[0m[[0m[31merror[0m] [0m[0m	at sbt.nio.Settings$.$anonfun$inputPathSettings$3(Settings.scala:158)[0m
[0m[[0m[31merror[0m] [0m[0m	at sbt.nio.Settings$.$anonfun$inputPathSettings$3$adapted(Settings.scala:158)[0m
[0m[[0m[31merror[0m] [0m[0m	at scala.collection.immutable.List.foreach(List.scala:431)[0m
[0m[[0m[31merror[0m] [0m[0m	at sbt.nio.Settings$.$anonfun$inputPathSettings$2(Settings.scala:158)[0m
[0m[[0m[31merror[0m] [0m[0m	at sbt.nio.Settings$.$anonfun$inputPathSettings$2$adapted(Settings.scala:157)[0m
[0m[[0m[31merror[0m] [0m[0m	at scala.Option.foreach(Option.scala:407)[0m
[0m[[0m[31merror[0m] [0m[0m	at sbt.nio.Settings$.$anonfun$inputPathSettings$1(Settings.scala:157)[0m
[0m[[0m[31merror[0m] [0m[0m	at scala.Function1.$anonfun$compose$1(Function1.scala:49)[0m
[0m[[0m[31merror[0m] [0m[0m	at sbt.internal.util.$tilde$greater.$anonfun$$u2219$1(TypeFunctions.scala:63)[0m
[0m[[0m[31merror[0m] [0m[0m	at sbt.std.Transform$$anon$4.work(Transform.scala:69)[0m
[0m[[0m[31merror[0m] [0m[0m	at sbt.Execute.$anonfun$submit$2(Execute.scala:283)[0m
[0m[[0m[31merror[0m] [0m[0m	at sbt.internal.util.ErrorHandling$.wideConvert(ErrorHandling.scala:24)[0m
[0m[[0m[31merror[0m] [0m[0m	at sbt.Execute.work(Execute.scala:292)[0m
[0m[[0m[31merror[0m] [0m[0m	at sbt.Execute.$anonfun$submit$1(Execute.scala:283)[0m
[0m[[0m[31merror[0m] [0m[0m	at sbt.ConcurrentRestrictions$$anon$4.$anonfun$submitValid$1(ConcurrentRestrictions.scala:265)[0m
[0m[[0m[31merror[0m] [0m[0m	at sbt.CompletionService$$anon$2.call(CompletionService.scala:65)[0m
[0m[[0m[31merror[0m] [0m[0m	at java.base/java.util.concurrent.FutureTask.run(FutureTask.java:317)[0m
[0m[[0m[31merror[0m] [0m[0m	at java.base/java.util.concurrent.Executors$RunnableAdapter.call(Executors.java:577)[0m
[0m[[0m[31merror[0m] [0m[0m	at java.base/java.util.concurrent.FutureTask.run(FutureTask.java:317)[0m
[0m[[0m[31merror[0m] [0m[0m	at java.base/java.util.concurrent.ThreadPoolExecutor.runWorker(ThreadPoolExecutor.java:1144)[0m
[0m[[0m[31merror[0m] [0m[0m	at java.base/java.util.concurrent.ThreadPoolExecutor$Worker.run(ThreadPoolExecutor.java:642)[0m
[0m[[0m[31merror[0m] [0m[0m	at java.base/java.lang.Thread.run(Thread.java:1623)[0m
[0m[[0m[31merror[0m] [0m[0mjava.lang.IllegalStateException: Tried to invoke register on closed repostitory sbt.internal.nio.FileTreeRepositoryImpl@c85fea3[0m
[0m[[0m[31merror[0m] [0m[0m	at sbt.internal.nio.FileTreeRepositoryImpl.throwIfClosed(FileTreeRepositoryImpl.scala:145)[0m
[0m[[0m[31merror[0m] [0m[0m	at sbt.internal.nio.FileTreeRepositoryImpl.register(FileTreeRepositoryImpl.scala:113)[0m
[0m[[0m[31merror[0m] [0m[0m	at sbt.nio.Settings$.$anonfun$inputPathSettings$3(Settings.scala:158)[0m
[0m[[0m[31merror[0m] [0m[0m	at sbt.nio.Settings$.$anonfun$inputPathSettings$3$adapted(Settings.scala:158)[0m
[0m[[0m[31merror[0m] [0m[0m	at scala.collection.immutable.List.foreach(List.scala:431)[0m
[0m[[0m[31merror[0m] [0m[0m	at sbt.nio.Settings$.$anonfun$inputPathSettings$2(Settings.scala:158)[0m
[0m[[0m[31merror[0m] [0m[0m	at sbt.nio.Settings$.$anonfun$inputPathSettings$2$adapted(Settings.scala:157)[0m
[0m[[0m[31merror[0m] [0m[0m	at scala.Option.foreach(Option.scala:407)[0m
[0m[[0m[31merror[0m] [0m[0m	at sbt.nio.Settings$.$anonfun$inputPathSettings$1(Settings.scala:157)[0m
[0m[[0m[31merror[0m] [0m[0m	at scala.Function1.$anonfun$compose$1(Function1.scala:49)[0m
[0m[[0m[31merror[0m] [0m[0m	at sbt.internal.util.$tilde$greater.$anonfun$$u2219$1(TypeFunctions.scala:63)[0m
[0m[[0m[31merror[0m] [0m[0m	at sbt.std.Transform$$anon$4.work(Transform.scala:69)[0m
[0m[[0m[31merror[0m] [0m[0m	at sbt.Execute.$anonfun$submit$2(Execute.scala:283)[0m
[0m[[0m[31merror[0m] [0m[0m	at sbt.internal.util.ErrorHandling$.wideConvert(ErrorHandling.scala:24)[0m
[0m[[0m[31merror[0m] [0m[0m	at sbt.Execute.work(Execute.scala:292)[0m
[0m[[0m[31merror[0m] [0m[0m	at sbt.Execute.$anonfun$submit$1(Execute.scala:283)[0m
[0m[[0m[31merror[0m] [0m[0m	at sbt.ConcurrentRestrictions$$anon$4.$anonfun$submitValid$1(ConcurrentRestrictions.scala:265)[0m
[0m[[0m[31merror[0m] [0m[0m	at sbt.CompletionService$$anon$2.call(CompletionService.scala:65)[0m
[0m[[0m[31merror[0m] [0m[0m	at java.base/java.util.concurrent.FutureTask.run(FutureTask.java:317)[0m
[0m[[0m[31merror[0m] [0m[0m	at java.base/java.util.concurrent.Executors$RunnableAdapter.call(Executors.java:577)[0m
[0m[[0m[31merror[0m] [0m[0m	at java.base/java.util.concurrent.FutureTask.run(FutureTask.java:317)[0m
[0m[[0m[31merror[0m] [0m[0m	at java.base/java.util.concurrent.ThreadPoolExecutor.runWorker(ThreadPoolExecutor.java:1144)[0m
[0m[[0m[31merror[0m] [0m[0m	at java.base/java.util.concurrent.ThreadPoolExecutor$Worker.run(ThreadPoolExecutor.java:642)[0m
[0m[[0m[31merror[0m] [0m[0m	at java.base/java.lang.Thread.run(Thread.java:1623)[0m
[0m[[0m[31merror[0m] [0m[0m(Compile / unmanagedSources / [31mallInputPathsAndAttributes[0m) java.lang.IllegalStateException: Tried to invoke register on closed repostitory sbt.internal.nio.FileTreeRepositoryImpl@c85fea3[0m
[0m[[0m[31merror[0m] [0m[0m(Compile / unmanagedResources / [31mallInputPathsAndAttributes[0m) java.lang.IllegalStateException: Tried to invoke register on closed repostitory sbt.internal.nio.FileTreeRepositoryImpl@c85fea3[0m
[0m[[0m[0mdebug[0m] [0m[0m> Exec(loadFailed, None, None)[0m
[0m[[0m[33mwarn[0m] [0m[0mProject loading failed: (r)etry, (q)uit, (l)ast, or (i)gnore? (default: r)[0m
[0m[[0m[33mwarn[0m] [0m[0mProject loading failed: (r)etry, (q)uit, (l)ast, or (i)gnore? (default: r)[0m
[0m[[0m[0mdebug[0m] [0m[0m> Exec(last, None, None)[0m
[0m[[0m[0mdebug[0m] [0m[0m> Exec(loadFailed, None, None)[0m
[0m[[0m[33mwarn[0m] [0m[0mProject loading failed: (r)etry, (q)uit, (l)ast, or (i)gnore? (default: r)[0m
[0m[[0m[33mwarn[0m] [0m[0mProject loading failed: (r)etry, (q)uit, (l)ast, or (i)gnore? (default: r)[0m
[0m[[0m[33mwarn[0m] [0m[0mProject loading failed: (r)etry, (q)uit, (l)ast, or (i)gnore? (default: r)[0m
[0m[[0m[33mwarn[0m] [0m[0mProject loading failed: (r)etry, (q)uit, (l)ast, or (i)gnore? (default: r)[0m
